<?xml version="1.0" encoding="UTF-8"?>
<testsuite name="retrofit2.RequestBuilderTest" time="0.261" tests="149" errors="0" skipped="0" failures="0">
  <properties>
    <property name="java.runtime.name" value="Java(TM) SE Runtime Environment"/>
    <property name="sun.boot.library.path" value="/usr/lib/jvm/java-8-oracle/jre/lib/amd64"/>
    <property name="java.vm.version" value="25.161-b12"/>
    <property name="java.vm.vendor" value="Oracle Corporation"/>
    <property name="maven.multiModuleProjectDirectory" value="/root/projects/retrofit"/>
    <property name="java.vendor.url" value="http://java.oracle.com/"/>
    <property name="path.separator" value=":"/>
    <property name="guice.disable.misplaced.annotation.check" value="true"/>
    <property name="java.vm.name" value="Java HotSpot(TM) 64-Bit Server VM"/>
    <property name="file.encoding.pkg" value="sun.io"/>
    <property name="user.country" value="US"/>
    <property name="sun.java.launcher" value="SUN_STANDARD"/>
    <property name="sun.os.patch.level" value="unknown"/>
    <property name="java.vm.specification.name" value="Java Virtual Machine Specification"/>
    <property name="user.dir" value="/root/projects/retrofit"/>
    <property name="java.runtime.version" value="1.8.0_161-b12"/>
    <property name="java.awt.graphicsenv" value="sun.awt.X11GraphicsEnvironment"/>
    <property name="java.endorsed.dirs" value="/usr/lib/jvm/java-8-oracle/jre/lib/endorsed"/>
    <property name="os.arch" value="amd64"/>
    <property name="java.io.tmpdir" value="/tmp"/>
    <property name="line.separator" value="&#10;"/>
    <property name="java.vm.specification.vendor" value="Oracle Corporation"/>
    <property name="os.name" value="Linux"/>
    <property name="classworlds.conf" value="/usr/share/maven/bin/m2.conf"/>
    <property name="sun.jnu.encoding" value="ANSI_X3.4-1968"/>
    <property name="java.library.path" value="/usr/java/packages/lib/amd64:/usr/lib64:/lib64:/lib:/usr/lib"/>
    <property name="java.specification.name" value="Java Platform API Specification"/>
    <property name="java.class.version" value="52.0"/>
    <property name="sun.management.compiler" value="HotSpot 64-Bit Tiered Compilers"/>
    <property name="os.version" value="3.13.0-142-generic"/>
    <property name="user.home" value="/root"/>
    <property name="user.timezone" value="Etc/UTC"/>
    <property name="java.awt.printerjob" value="sun.print.PSPrinterJob"/>
    <property name="file.encoding" value="ANSI_X3.4-1968"/>
    <property name="java.specification.version" value="1.8"/>
    <property name="user.name" value="root"/>
    <property name="java.class.path" value="/usr/share/maven/boot/plexus-classworlds-2.x.jar"/>
    <property name="java.vm.specification.version" value="1.8"/>
    <property name="sun.arch.data.model" value="64"/>
    <property name="java.home" value="/usr/lib/jvm/java-8-oracle/jre"/>
    <property name="sun.java.command" value="org.codehaus.plexus.classworlds.launcher.Launcher clean test org.pitest:pitest-maven:mutationCoverage"/>
    <property name="java.specification.vendor" value="Oracle Corporation"/>
    <property name="user.language" value="en"/>
    <property name="awt.toolkit" value="sun.awt.X11.XToolkit"/>
    <property name="java.vm.info" value="mixed mode"/>
    <property name="java.version" value="1.8.0_161"/>
    <property name="java.ext.dirs" value="/usr/lib/jvm/java-8-oracle/jre/lib/ext:/usr/java/packages/lib/ext"/>
    <property name="securerandom.source" value="file:/dev/./urandom"/>
    <property name="sun.boot.class.path" value="/usr/lib/jvm/java-8-oracle/jre/lib/resources.jar:/usr/lib/jvm/java-8-oracle/jre/lib/rt.jar:/usr/lib/jvm/java-8-oracle/jre/lib/sunrsasign.jar:/usr/lib/jvm/java-8-oracle/jre/lib/jsse.jar:/usr/lib/jvm/java-8-oracle/jre/lib/jce.jar:/usr/lib/jvm/java-8-oracle/jre/lib/charsets.jar:/usr/lib/jvm/java-8-oracle/jre/lib/jfr.jar:/usr/lib/jvm/java-8-oracle/jre/classes"/>
    <property name="java.vendor" value="Oracle Corporation"/>
    <property name="maven.home" value="/usr/share/maven"/>
    <property name="file.separator" value="/"/>
    <property name="java.vendor.url.bug" value="http://bugreport.sun.com/bugreport/"/>
    <property name="sun.cpu.endian" value="little"/>
    <property name="sun.io.unicode.encoding" value="UnicodeLittle"/>
    <property name="sun.cpu.isalist" value=""/>
  </properties>
  <testcase name="multipartArrayOkHttpPart" classname="retrofit2.RequestBuilderTest" time="0.015"/>
  <testcase name="getWithQueryUrlAndParam" classname="retrofit2.RequestBuilderTest" time="0.004"/>
  <testcase name="headersFailWhenEmptyOnMethod" classname="retrofit2.RequestBuilderTest" time="0.005"/>
  <testcase name="formEncodedFieldOptional" classname="retrofit2.RequestBuilderTest" time="0.007"/>
  <testcase name="queryMapMustBeAMap" classname="retrofit2.RequestBuilderTest" time="0.003"/>
  <testcase name="getAbsoluteUrl" classname="retrofit2.RequestBuilderTest" time="0.002"/>
  <testcase name="getWithPathAndQueryParam" classname="retrofit2.RequestBuilderTest" time="0.002"/>
  <testcase name="multipartIterable" classname="retrofit2.RequestBuilderTest" time="0.004"/>
  <testcase name="multipartWithEncoding" classname="retrofit2.RequestBuilderTest" time="0.001"/>
  <testcase name="getWithNullUrl" classname="retrofit2.RequestBuilderTest" time="0.002"/>
  <testcase name="getWithEncodedPathSegments" classname="retrofit2.RequestBuilderTest" time="0.001"/>
  <testcase name="getWithJavaUriUrlAbsolute" classname="retrofit2.RequestBuilderTest" time="0.001"/>
  <testcase name="getWithUnusedAndInvalidNamedPathParam" classname="retrofit2.RequestBuilderTest" time="0.002"/>
  <testcase name="getWithPathThenUrlThrows" classname="retrofit2.RequestBuilderTest" time="0.001"/>
  <testcase name="getUrlAndUrlParamThrows" classname="retrofit2.RequestBuilderTest" time="0.001"/>
  <testcase name="multipartPartMapRejectsNonStringKeys" classname="retrofit2.RequestBuilderTest" time="0.003"/>
  <testcase name="pathParamRequired" classname="retrofit2.RequestBuilderTest" time="0.002"/>
  <testcase name="headerMapRejectsNull" classname="retrofit2.RequestBuilderTest" time="0.002"/>
  <testcase name="contentTypeParameterHeaderOverrides" classname="retrofit2.RequestBuilderTest" time="0.004"/>
  <testcase name="getWithQueryThenPathThrows" classname="retrofit2.RequestBuilderTest" time="0.001"/>
  <testcase name="multipartPartMap" classname="retrofit2.RequestBuilderTest" time="0.002"/>
  <testcase name="multipartPartMapWithEncoding" classname="retrofit2.RequestBuilderTest" time="0.002"/>
  <testcase name="formEncodedWithEncodedNameFieldParam" classname="retrofit2.RequestBuilderTest" time="0.001"/>
  <testcase name="getWithUrlAbsoluteSameHost" classname="retrofit2.RequestBuilderTest" time="0.002"/>
  <testcase name="customMethodNoBody" classname="retrofit2.RequestBuilderTest" time="0.006"/>
  <testcase name="multipartArray" classname="retrofit2.RequestBuilderTest" time="0.002"/>
  <testcase name="multipartPartMapMustBeMap" classname="retrofit2.RequestBuilderTest" time="0.002"/>
  <testcase name="multipartPartMapRejectsNullKeys" classname="retrofit2.RequestBuilderTest" time="0.001"/>
  <testcase name="emptyBody" classname="retrofit2.RequestBuilderTest" time="0.003"/>
  <testcase name="fieldMapMustBeAMap" classname="retrofit2.RequestBuilderTest" time="0.004"/>
  <testcase name="customMethodEmptyBody" classname="retrofit2.RequestBuilderTest" time="0.002"/>
  <testcase name="simpleHeaders" classname="retrofit2.RequestBuilderTest" time="0.001"/>
  <testcase name="delete" classname="retrofit2.RequestBuilderTest" time="0.002"/>
  <testcase name="getWithQueryParamMap" classname="retrofit2.RequestBuilderTest" time="0.002"/>
  <testcase name="getWithEncodedPathStillPreventsRequestSplitting" classname="retrofit2.RequestBuilderTest" time="0.001"/>
  <testcase name="getWithQueryNameParamPrimitiveArray" classname="retrofit2.RequestBuilderTest" time="0.003"/>
  <testcase name="multipartPartsShouldBeInOrder" classname="retrofit2.RequestBuilderTest" time="0.002"/>
  <testcase name="options" classname="retrofit2.RequestBuilderTest" time="0.002"/>
  <testcase name="getWithQueryNameParamArray" classname="retrofit2.RequestBuilderTest" time="0.001"/>
  <testcase name="malformedAnnotationRelativeUrlThrows" classname="retrofit2.RequestBuilderTest" time="0.002"/>
  <testcase name="invalidPathParam" classname="retrofit2.RequestBuilderTest" time="0.002"/>
  <testcase name="twoMethodsFail" classname="retrofit2.RequestBuilderTest" time="0.001"/>
  <testcase name="getWithQueryNameParamList" classname="retrofit2.RequestBuilderTest" time="0.001"/>
  <testcase name="implicitMultipartWithPartMapForbidden" classname="retrofit2.RequestBuilderTest" time="0.001"/>
  <testcase name="multipartFailsWithNoParts" classname="retrofit2.RequestBuilderTest" time="0.001"/>
  <testcase name="headerParamArray" classname="retrofit2.RequestBuilderTest" time="0.002"/>
  <testcase name="queryMapRejectsNull" classname="retrofit2.RequestBuilderTest" time="0.001"/>
  <testcase name="getWithStringUrlAbsolute" classname="retrofit2.RequestBuilderTest" time="0.001"/>
  <testcase name="multipartPartMapRejectsOkHttpPartValues" classname="retrofit2.RequestBuilderTest" time="0.001"/>
  <testcase name="getWithUnencodedPathSegmentsPreventsRequestSplitting" classname="retrofit2.RequestBuilderTest" time="0.002"/>
  <testcase name="getWithUrlThenPathThrows" classname="retrofit2.RequestBuilderTest" time="0.001"/>
  <testcase name="multipartPartMapSupportsSubclasses" classname="retrofit2.RequestBuilderTest" time="0.003"/>
  <testcase name="multipleParameterAnnotationsOnlyOneRetrofitAllowed" classname="retrofit2.RequestBuilderTest" time="0.002"/>
  <testcase name="fieldMapSupportsSubclasses" classname="retrofit2.RequestBuilderTest" time="0.002"/>
  <testcase name="multipartOkHttpPartForbidsName" classname="retrofit2.RequestBuilderTest" time="0.001"/>
  <testcase name="queryParamOptional" classname="retrofit2.RequestBuilderTest" time="0.002"/>
  <testcase name="implicitFormEncodingByFieldMapForbidden" classname="retrofit2.RequestBuilderTest" time="0.001"/>
  <testcase name="getWithPathParam" classname="retrofit2.RequestBuilderTest" time="0.005"/>
  <testcase name="queryMapSupportsSubclasses" classname="retrofit2.RequestBuilderTest" time="0.002"/>
  <testcase name="headerParamToString" classname="retrofit2.RequestBuilderTest" time="0.002"/>
  <testcase name="getWithPathAndQueryQuestionMarkParam" classname="retrofit2.RequestBuilderTest" time="0.002"/>
  <testcase name="contentTypeAnnotationHeaderOverrides" classname="retrofit2.RequestBuilderTest" time="0.002"/>
  <testcase name="twoBodies" classname="retrofit2.RequestBuilderTest" time="0.002"/>
  <testcase name="getWithQueryParamArray" classname="retrofit2.RequestBuilderTest" time="0.001"/>
  <testcase name="getWithHeaderMap" classname="retrofit2.RequestBuilderTest" time="0.001"/>
  <testcase name="getWithStringUrl" classname="retrofit2.RequestBuilderTest" time="0.001"/>
  <testcase name="pathParamNonPathParamAndTypedBytes" classname="retrofit2.RequestBuilderTest" time="0.001"/>
  <testcase name="getWithQueryParamPrimitiveArray" classname="retrofit2.RequestBuilderTest" time="0.002"/>
  <testcase name="getWithNonStringUrlThrows" classname="retrofit2.RequestBuilderTest" time="0.001"/>
  <testcase name="onlyOneEncodingIsAllowedFormEncodingFirst" classname="retrofit2.RequestBuilderTest" time="0.001"/>
  <testcase name="multipartOkHttpPart" classname="retrofit2.RequestBuilderTest" time="0.002"/>
  <testcase name="formEncodingFailsOnNonBodyMethod" classname="retrofit2.RequestBuilderTest" time="0.002"/>
  <testcase name="bodyRequired" classname="retrofit2.RequestBuilderTest" time="0.001"/>
  <testcase name="fieldParamMapsConvertedToNullShouldError" classname="retrofit2.RequestBuilderTest" time="0.004"/>
  <testcase name="getWithQueryThenUrlThrows" classname="retrofit2.RequestBuilderTest" time="0.001"/>
  <testcase name="queryMapRejectsNullValues" classname="retrofit2.RequestBuilderTest" time="0.001"/>
  <testcase name="headerMapMustBeAMap" classname="retrofit2.RequestBuilderTest" time="0.001"/>
  <testcase name="getWithPathAndQueryHashParam" classname="retrofit2.RequestBuilderTest" time="0.001"/>
  <testcase name="getWithUrlThenQuery" classname="retrofit2.RequestBuilderTest" time="0.002"/>
  <testcase name="get" classname="retrofit2.RequestBuilderTest" time="0.002"/>
  <testcase name="put" classname="retrofit2.RequestBuilderTest" time="0.001"/>
  <testcase name="head" classname="retrofit2.RequestBuilderTest" time="0.002"/>
  <testcase name="post" classname="retrofit2.RequestBuilderTest" time="0.002"/>
  <testcase name="bodyWithPathParams" classname="retrofit2.RequestBuilderTest" time="0.002"/>
  <testcase name="parameterWithoutAnnotation" classname="retrofit2.RequestBuilderTest" time="0.001"/>
  <testcase name="headerMapRejectsNullKeys" classname="retrofit2.RequestBuilderTest" time="0.001"/>
  <testcase name="patch" classname="retrofit2.RequestBuilderTest" time="0.002"/>
  <testcase name="fieldMapRejectsNull" classname="retrofit2.RequestBuilderTest" time="0.001"/>
  <testcase name="getWithJavaUriUrl" classname="retrofit2.RequestBuilderTest" time="0.001"/>
  <testcase name="formEncodedFieldArray" classname="retrofit2.RequestBuilderTest" time="0.001"/>
  <testcase name="multipartNullRemovesPart" classname="retrofit2.RequestBuilderTest" time="0.001"/>
  <testcase name="queryMapRejectsNullKeys" classname="retrofit2.RequestBuilderTest" time="0.002"/>
  <testcase name="getWithoutUrlThrows" classname="retrofit2.RequestBuilderTest" time="0.001"/>
  <testcase name="getWithEncodedQueryParam" classname="retrofit2.RequestBuilderTest" time="0.001"/>
  <testcase name="queryParamMapsConvertedToNullShouldError" classname="retrofit2.RequestBuilderTest" time="0.001"/>
  <testcase name="formEncodedFieldPrimitiveArray" classname="retrofit2.RequestBuilderTest" time="0.001"/>
  <testcase name="multipartOkHttpPartWithFilename" classname="retrofit2.RequestBuilderTest" time="0.002"/>
  <testcase name="customMethodWithBody" classname="retrofit2.RequestBuilderTest" time="0.001"/>
  <testcase name="onlyOneEncodingIsAllowedMultipartFirst" classname="retrofit2.RequestBuilderTest" time="0.001"/>
  <testcase name="multipartPartMapRejectsNull" classname="retrofit2.RequestBuilderTest" time="0"/>
  <testcase name="getWithQueryParam" classname="retrofit2.RequestBuilderTest" time="0.001"/>
  <testcase name="pathParamNotAllowedInQuery" classname="retrofit2.RequestBuilderTest" time="0.001"/>
  <testcase name="malformedContentTypeHeaderThrows" classname="retrofit2.RequestBuilderTest" time="0.001"/>
  <testcase name="multipartArrayRequiresName" classname="retrofit2.RequestBuilderTest" time="0.001"/>
  <testcase name="queryNameParamOptionalOmitsQuery" classname="retrofit2.RequestBuilderTest" time="0.001"/>
  <testcase name="formEncodedWithEncodedNameFieldParamMap" classname="retrofit2.RequestBuilderTest" time="0.001"/>
  <testcase name="bodyInNonBodyRequest" classname="retrofit2.RequestBuilderTest" time="0.002"/>
  <testcase name="multipartRequiresName" classname="retrofit2.RequestBuilderTest" time="0.001"/>
  <testcase name="getWithQuery" classname="retrofit2.RequestBuilderTest" time="0.002"/>
  <testcase name="getWithEncodedQueryNameParam" classname="retrofit2.RequestBuilderTest" time="0.001"/>
  <testcase name="nonBodyHttpMethodWithSingleEntity" classname="retrofit2.RequestBuilderTest" time="0.003"/>
  <testcase name="headWithoutVoidThrows" classname="retrofit2.RequestBuilderTest" time="0.001"/>
  <testcase name="formEncodedFieldMap" classname="retrofit2.RequestBuilderTest" time="0.003"/>
  <testcase name="multipartOkHttpIterablePart" classname="retrofit2.RequestBuilderTest" time="0.001"/>
  <testcase name="fieldMapRejectsNullValues" classname="retrofit2.RequestBuilderTest" time="0.001"/>
  <testcase name="multipartFailsOnNonBodyMethod" classname="retrofit2.RequestBuilderTest" time="0.001"/>
  <testcase name="contentTypeAnnotationHeaderAddsHeaderWithNoBody" classname="retrofit2.RequestBuilderTest" time="0.002"/>
  <testcase name="getWithEncodedPathParam" classname="retrofit2.RequestBuilderTest" time="0.001"/>
  <testcase name="headerParam" classname="retrofit2.RequestBuilderTest" time="0.001"/>
  <testcase name="fieldMapRejectsNullKeys" classname="retrofit2.RequestBuilderTest" time="0.001"/>
  <testcase name="getWithQueryNameParam" classname="retrofit2.RequestBuilderTest" time="0.001"/>
  <testcase name="fieldParamsSkippedIfConvertedToNull" classname="retrofit2.RequestBuilderTest" time="0.002"/>
  <testcase name="getWithPathAndQueryAmpersandParam" classname="retrofit2.RequestBuilderTest" time="0.002"/>
  <testcase name="headerMapSupportsSubclasses" classname="retrofit2.RequestBuilderTest" time="0.002"/>
  <testcase name="getWithEncodedQueryParamMap" classname="retrofit2.RequestBuilderTest" time="0.001"/>
  <testcase name="simpleMultipart" classname="retrofit2.RequestBuilderTest" time="0.002"/>
  <testcase name="multipleParameterAnnotationsNotAllowed" classname="retrofit2.RequestBuilderTest" time="0.001"/>
  <testcase name="normalPostWithPathParam" classname="retrofit2.RequestBuilderTest" time="0.002"/>
  <testcase name="getWithHttpUrl" classname="retrofit2.RequestBuilderTest" time="0.002"/>
  <testcase name="multipartPartOptional" classname="retrofit2.RequestBuilderTest" time="0.002"/>
  <testcase name="headerMapRejectsNullValues" classname="retrofit2.RequestBuilderTest" time="0.001"/>
  <testcase name="queryParamOptionalOmitsQuery" classname="retrofit2.RequestBuilderTest" time="0.001"/>
  <testcase name="headersFailWhenMalformed" classname="retrofit2.RequestBuilderTest" time="0.001"/>
  <testcase name="malformedContentTypeParameterThrows" classname="retrofit2.RequestBuilderTest" time="0.001"/>
  <testcase name="simpleFormEncoded" classname="retrofit2.RequestBuilderTest" time="0.001"/>
  <testcase name="implicitFormEncodingByFieldForbidden" classname="retrofit2.RequestBuilderTest" time="0.001"/>
  <testcase name="implicitMultipartForbidden" classname="retrofit2.RequestBuilderTest" time="0.001"/>
  <testcase name="multipartIterableOkHttpPart" classname="retrofit2.RequestBuilderTest" time="0.001"/>
  <testcase name="postWithUrl" classname="retrofit2.RequestBuilderTest" time="0.001"/>
  <testcase name="headerParamList" classname="retrofit2.RequestBuilderTest" time="0.001"/>
  <testcase name="multipartOkHttpArrayPart" classname="retrofit2.RequestBuilderTest" time="0.002"/>
  <testcase name="getWithQueryParamList" classname="retrofit2.RequestBuilderTest" time="0.001"/>
  <testcase name="formEncodedFieldList" classname="retrofit2.RequestBuilderTest" time="0.001"/>
  <testcase name="formEncodingFailsWithNoParts" classname="retrofit2.RequestBuilderTest" time="0.001"/>
  <testcase name="multipartPartMapRejectsNullValues" classname="retrofit2.RequestBuilderTest" time="0.002"/>
  <testcase name="queryParamsSkippedIfConvertedToNull" classname="retrofit2.RequestBuilderTest" time="0.001"/>
  <testcase name="lackingMethod" classname="retrofit2.RequestBuilderTest" time="0.001"/>
  <testcase name="malformedParameterRelativeUrlThrows" classname="retrofit2.RequestBuilderTest" time="0.001"/>
  <testcase name="multipartIterableRequiresName" classname="retrofit2.RequestBuilderTest" time="0.001"/>
</testsuite>