<?xml version="1.0" encoding="UTF-8"?>
<testsuite name="com.squareup.moshi.JsonReaderTest" time="0.058" tests="132" errors="0" skipped="4" failures="0">
  <properties>
    <property name="java.runtime.name" value="Java(TM) SE Runtime Environment"/>
    <property name="sun.boot.library.path" value="/usr/lib/jvm/java-8-oracle/jre/lib/amd64"/>
    <property name="java.vm.version" value="25.161-b12"/>
    <property name="java.vm.vendor" value="Oracle Corporation"/>
    <property name="maven.multiModuleProjectDirectory" value="/root/projects/moshi"/>
    <property name="java.vendor.url" value="http://java.oracle.com/"/>
    <property name="path.separator" value=":"/>
    <property name="guice.disable.misplaced.annotation.check" value="true"/>
    <property name="java.vm.name" value="Java HotSpot(TM) 64-Bit Server VM"/>
    <property name="file.encoding.pkg" value="sun.io"/>
    <property name="user.country" value="US"/>
    <property name="sun.java.launcher" value="SUN_STANDARD"/>
    <property name="sun.os.patch.level" value="unknown"/>
    <property name="java.vm.specification.name" value="Java Virtual Machine Specification"/>
    <property name="user.dir" value="/root/projects/moshi"/>
    <property name="java.runtime.version" value="1.8.0_161-b12"/>
    <property name="java.awt.graphicsenv" value="sun.awt.X11GraphicsEnvironment"/>
    <property name="java.endorsed.dirs" value="/usr/lib/jvm/java-8-oracle/jre/lib/endorsed"/>
    <property name="os.arch" value="amd64"/>
    <property name="java.io.tmpdir" value="/tmp"/>
    <property name="line.separator" value="&#10;"/>
    <property name="java.vm.specification.vendor" value="Oracle Corporation"/>
    <property name="os.name" value="Linux"/>
    <property name="classworlds.conf" value="/usr/share/maven/bin/m2.conf"/>
    <property name="sun.jnu.encoding" value="ANSI_X3.4-1968"/>
    <property name="java.library.path" value="/usr/java/packages/lib/amd64:/usr/lib64:/lib64:/lib:/usr/lib"/>
    <property name="java.specification.name" value="Java Platform API Specification"/>
    <property name="java.class.version" value="52.0"/>
    <property name="sun.management.compiler" value="HotSpot 64-Bit Tiered Compilers"/>
    <property name="os.version" value="3.13.0-142-generic"/>
    <property name="user.home" value="/root"/>
    <property name="user.timezone" value="Etc/UTC"/>
    <property name="java.awt.printerjob" value="sun.print.PSPrinterJob"/>
    <property name="file.encoding" value="ANSI_X3.4-1968"/>
    <property name="java.specification.version" value="1.8"/>
    <property name="user.name" value="root"/>
    <property name="java.class.path" value="/usr/share/maven/boot/plexus-classworlds-2.x.jar"/>
    <property name="java.vm.specification.version" value="1.8"/>
    <property name="sun.arch.data.model" value="64"/>
    <property name="java.home" value="/usr/lib/jvm/java-8-oracle/jre"/>
    <property name="sun.java.command" value="org.codehaus.plexus.classworlds.launcher.Launcher clean test org.pitest:pitest-maven:mutationCoverage"/>
    <property name="java.specification.vendor" value="Oracle Corporation"/>
    <property name="user.language" value="en"/>
    <property name="awt.toolkit" value="sun.awt.X11.XToolkit"/>
    <property name="java.vm.info" value="mixed mode"/>
    <property name="java.version" value="1.8.0_161"/>
    <property name="java.ext.dirs" value="/usr/lib/jvm/java-8-oracle/jre/lib/ext:/usr/java/packages/lib/ext"/>
    <property name="securerandom.source" value="file:/dev/./urandom"/>
    <property name="sun.boot.class.path" value="/usr/lib/jvm/java-8-oracle/jre/lib/resources.jar:/usr/lib/jvm/java-8-oracle/jre/lib/rt.jar:/usr/lib/jvm/java-8-oracle/jre/lib/sunrsasign.jar:/usr/lib/jvm/java-8-oracle/jre/lib/jsse.jar:/usr/lib/jvm/java-8-oracle/jre/lib/jce.jar:/usr/lib/jvm/java-8-oracle/jre/lib/charsets.jar:/usr/lib/jvm/java-8-oracle/jre/lib/jfr.jar:/usr/lib/jvm/java-8-oracle/jre/classes"/>
    <property name="java.vendor" value="Oracle Corporation"/>
    <property name="maven.home" value="/usr/share/maven"/>
    <property name="file.separator" value="/"/>
    <property name="java.vendor.url.bug" value="http://bugreport.sun.com/bugreport/"/>
    <property name="sun.cpu.endian" value="little"/>
    <property name="sun.io.unicode.encoding" value="UnicodeLittle"/>
    <property name="sun.cpu.isalist" value=""/>
  </properties>
  <testcase name="skipTopLevelObject[Utf8]" classname="com.squareup.moshi.JsonReaderTest" time="0"/>
  <testcase name="strictQuotedNonFiniteDoubles[Utf8]" classname="com.squareup.moshi.JsonReaderTest" time="0.001"/>
  <testcase name="selectStringUnnecessaryEscaping[Utf8]" classname="com.squareup.moshi.JsonReaderTest" time="0"/>
  <testcase name="topLevelValueTypeWithSkipValue[Utf8]" classname="com.squareup.moshi.JsonReaderTest" time="0"/>
  <testcase name="selectName[Utf8]" classname="com.squareup.moshi.JsonReaderTest" time="0.001"/>
  <testcase name="selectStringNecessaryEscaping[Utf8]" classname="com.squareup.moshi.JsonReaderTest" time="0"/>
  <testcase name="helloWorld[Utf8]" classname="com.squareup.moshi.JsonReaderTest" time="0"/>
  <testcase name="failOnUnknownFailsOnUnknownObjectValue[Utf8]" classname="com.squareup.moshi.JsonReaderTest" time="0"/>
  <testcase name="selectNameUnnecessaryEscaping[Utf8]" classname="com.squareup.moshi.JsonReaderTest" time="0"/>
  <testcase name="nullLiteralIsNotAString[Utf8]" classname="com.squareup.moshi.JsonReaderTest" time="0.001"/>
  <testcase name="readArray[Utf8]" classname="com.squareup.moshi.JsonReaderTest" time="0"/>
  <testcase name="readJsonValueListMultipleTypes[Utf8]" classname="com.squareup.moshi.JsonReaderTest" time="0.002"/>
  <testcase name="skipTopLevelUnquotedString[Utf8]" classname="com.squareup.moshi.JsonReaderTest" time="0.006"/>
  <testcase name="selectNameNecessaryEscaping[Utf8]" classname="com.squareup.moshi.JsonReaderTest" time="0"/>
  <testcase name="stringAsNumberWithTruncatedExponent[Utf8]" classname="com.squareup.moshi.JsonReaderTest" time="0.001"/>
  <testcase name="readObject[Utf8]" classname="com.squareup.moshi.JsonReaderTest" time="0"/>
  <testcase name="stringToNumberCoersion[Utf8]" classname="com.squareup.moshi.JsonReaderTest" time="0"/>
  <testcase name="stringAsNumberWithNonDigitExponent[Utf8]" classname="com.squareup.moshi.JsonReaderTest" time="0"/>
  <testcase name="intMismatchWithStringDoesNotAdvance[Utf8]" classname="com.squareup.moshi.JsonReaderTest" time="0.001"/>
  <testcase name="selectStringWithoutString[Utf8]" classname="com.squareup.moshi.JsonReaderTest" time="0"/>
  <testcase name="doubleMismatchWithStringDoesNotAdvance[Utf8]" classname="com.squareup.moshi.JsonReaderTest" time="0"/>
  <testcase name="emptyStringName[Utf8]" classname="com.squareup.moshi.JsonReaderTest" time="0"/>
  <testcase name="skipDouble[Utf8]" classname="com.squareup.moshi.JsonReaderTest" time="0"/>
  <testcase name="readEmptyArray[Utf8]" classname="com.squareup.moshi.JsonReaderTest" time="0"/>
  <testcase name="longMismatchWithStringDoesNotAdvance[Utf8]" classname="com.squareup.moshi.JsonReaderTest" time="0.001"/>
  <testcase name="skipTopLevelQuotedString[Utf8]" classname="com.squareup.moshi.JsonReaderTest" time="0.001"/>
  <testcase name="skipObject[Utf8]" classname="com.squareup.moshi.JsonReaderTest" time="0"/>
  <testcase name="selectStringSingleQuoted[Utf8]" classname="com.squareup.moshi.JsonReaderTest" time="0.001"/>
  <testcase name="longs[Utf8]" classname="com.squareup.moshi.JsonReaderTest" time="0"/>
  <testcase name="longMismatchWithDoubleDoesNotAdvance[Utf8]" classname="com.squareup.moshi.JsonReaderTest" time="0"/>
  <testcase name="deeplyNestedArrays[Utf8]" classname="com.squareup.moshi.JsonReaderTest" time="0"/>
  <testcase name="integerMismatchWithDoubleDoesNotAdvance[Utf8]" classname="com.squareup.moshi.JsonReaderTest" time="0.001"/>
  <testcase name="unnecessaryPrecisionNumberCoersion[Utf8]" classname="com.squareup.moshi.JsonReaderTest" time="0.001"/>
  <testcase name="readJsonValueInt[Utf8]" classname="com.squareup.moshi.JsonReaderTest" time="0"/>
  <testcase name="readJsonValueMap[Utf8]" classname="com.squareup.moshi.JsonReaderTest" time="0.001"/>
  <testcase name="integersWithFractionalPartSpecified[Utf8]" classname="com.squareup.moshi.JsonReaderTest" time="0"/>
  <testcase name="skipVeryLongUnquotedString[Utf8]" classname="com.squareup.moshi.JsonReaderTest" time="0.002"/>
  <testcase name="skipInteger[Utf8]" classname="com.squareup.moshi.JsonReaderTest" time="0"/>
  <testcase name="readJsonValueNestedListInMap[Utf8]" classname="com.squareup.moshi.JsonReaderTest" time="0.001"/>
  <testcase name="nextFailuresDoNotAdvance[Utf8]" classname="com.squareup.moshi.JsonReaderTest" time="0"/>
  <testcase name="nanInfinityDoubleCoersion[Utf8]" classname="com.squareup.moshi.JsonReaderTest" time="0.001"/>
  <testcase name="failOnUnknownFailsOnUnknownArrayElement[Utf8]" classname="com.squareup.moshi.JsonReaderTest" time="0"/>
  <testcase name="readEmptyObject[Utf8]" classname="com.squareup.moshi.JsonReaderTest" time="0"/>
  <testcase name="lenientQuotedNonFiniteDoubles[Utf8]" classname="com.squareup.moshi.JsonReaderTest" time="0.001"/>
  <testcase name="lenientNonFiniteDoubles[Utf8]" classname="com.squareup.moshi.JsonReaderTest" time="0"/>
  <testcase name="topLevelValueTypes[Utf8]" classname="com.squareup.moshi.JsonReaderTest" time="0.001"/>
  <testcase name="stringNullIsNotNull[Utf8]" classname="com.squareup.moshi.JsonReaderTest" time="0"/>
  <testcase name="emptyString[Utf8]" classname="com.squareup.moshi.JsonReaderTest" time="0"/>
  <testcase name="skipVeryLongQuotedString[Utf8]" classname="com.squareup.moshi.JsonReaderTest" time="0.001"/>
  <testcase name="skipObjectAfterPeek[Utf8]" classname="com.squareup.moshi.JsonReaderTest" time="0"/>
  <testcase name="selectStringUnquoted[Utf8]" classname="com.squareup.moshi.JsonReaderTest" time="0"/>
  <testcase name="stringAsNumberWithDigitAndNonDigitExponent[Utf8]" classname="com.squareup.moshi.JsonReaderTest" time="0"/>
  <testcase name="selectNameSingleQuoted[Utf8]" classname="com.squareup.moshi.JsonReaderTest" time="0"/>
  <testcase name="selectStringMaintainsReaderState[Utf8]" classname="com.squareup.moshi.JsonReaderTest" time="0"/>
  <testcase name="integerMismatchWithLongDoesNotAdvance[Utf8]" classname="com.squareup.moshi.JsonReaderTest" time="0.001"/>
  <testcase name="readJsonValueList[Utf8]" classname="com.squareup.moshi.JsonReaderTest" time="0"/>
  <testcase name="skipArrayAfterPeek[Utf8]" classname="com.squareup.moshi.JsonReaderTest" time="0.001"/>
  <testcase name="deeplyNestedObjects[Utf8]" classname="com.squareup.moshi.JsonReaderTest" time="0.001"/>
  <testcase name="doubles[Utf8]" classname="com.squareup.moshi.JsonReaderTest" time="0.001"/>
  <testcase name="selectNameUnquoted[Utf8]" classname="com.squareup.moshi.JsonReaderTest" time="0"/>
  <testcase name="validEscapes[Utf8]" classname="com.squareup.moshi.JsonReaderTest" time="0"/>
  <testcase name="characterUnescaping[Utf8]" classname="com.squareup.moshi.JsonReaderTest" time="0.001"/>
  <testcase name="booleans[Utf8]" classname="com.squareup.moshi.JsonReaderTest" time="0"/>
  <testcase name="selectString[Utf8]" classname="com.squareup.moshi.JsonReaderTest" time="0"/>
  <testcase name="skipArray[Utf8]" classname="com.squareup.moshi.JsonReaderTest" time="0"/>
  <testcase name="strictNonFiniteDoubles[Utf8]" classname="com.squareup.moshi.JsonReaderTest" time="0"/>
  <testcase name="skipTopLevelObject[Value]" classname="com.squareup.moshi.JsonReaderTest" time="0.001"/>
  <testcase name="strictQuotedNonFiniteDoubles[Value]" classname="com.squareup.moshi.JsonReaderTest" time="0.001"/>
  <testcase name="selectStringUnnecessaryEscaping[Value]" classname="com.squareup.moshi.JsonReaderTest" time="0"/>
  <testcase name="topLevelValueTypeWithSkipValue[Value]" classname="com.squareup.moshi.JsonReaderTest" time="0"/>
  <testcase name="selectName[Value]" classname="com.squareup.moshi.JsonReaderTest" time="0"/>
  <testcase name="selectStringNecessaryEscaping[Value]" classname="com.squareup.moshi.JsonReaderTest" time="0.001"/>
  <testcase name="helloWorld[Value]" classname="com.squareup.moshi.JsonReaderTest" time="0"/>
  <testcase name="failOnUnknownFailsOnUnknownObjectValue[Value]" classname="com.squareup.moshi.JsonReaderTest" time="0.001"/>
  <testcase name="selectNameUnnecessaryEscaping[Value]" classname="com.squareup.moshi.JsonReaderTest" time="0"/>
  <testcase name="nullLiteralIsNotAString[Value]" classname="com.squareup.moshi.JsonReaderTest" time="0"/>
  <testcase name="readArray[Value]" classname="com.squareup.moshi.JsonReaderTest" time="0"/>
  <testcase name="readJsonValueListMultipleTypes[Value]" classname="com.squareup.moshi.JsonReaderTest" time="0"/>
  <testcase name="skipTopLevelUnquotedString[Value]" classname="com.squareup.moshi.JsonReaderTest" time="0.002"/>
  <testcase name="selectNameNecessaryEscaping[Value]" classname="com.squareup.moshi.JsonReaderTest" time="0.001"/>
  <testcase name="stringAsNumberWithTruncatedExponent[Value]" classname="com.squareup.moshi.JsonReaderTest" time="0.001"/>
  <testcase name="readObject[Value]" classname="com.squareup.moshi.JsonReaderTest" time="0"/>
  <testcase name="stringToNumberCoersion[Value]" classname="com.squareup.moshi.JsonReaderTest" time="0.001"/>
  <testcase name="stringAsNumberWithNonDigitExponent[Value]" classname="com.squareup.moshi.JsonReaderTest" time="0"/>
  <testcase name="intMismatchWithStringDoesNotAdvance[Value]" classname="com.squareup.moshi.JsonReaderTest" time="0"/>
  <testcase name="selectStringWithoutString[Value]" classname="com.squareup.moshi.JsonReaderTest" time="0.001"/>
  <testcase name="doubleMismatchWithStringDoesNotAdvance[Value]" classname="com.squareup.moshi.JsonReaderTest" time="0"/>
  <testcase name="emptyStringName[Value]" classname="com.squareup.moshi.JsonReaderTest" time="0.001"/>
  <testcase name="skipDouble[Value]" classname="com.squareup.moshi.JsonReaderTest" time="0"/>
  <testcase name="readEmptyArray[Value]" classname="com.squareup.moshi.JsonReaderTest" time="0"/>
  <testcase name="longMismatchWithStringDoesNotAdvance[Value]" classname="com.squareup.moshi.JsonReaderTest" time="0.001"/>
  <testcase name="skipTopLevelQuotedString[Value]" classname="com.squareup.moshi.JsonReaderTest" time="0.001"/>
  <testcase name="skipObject[Value]" classname="com.squareup.moshi.JsonReaderTest" time="0"/>
  <testcase name="selectStringSingleQuoted[Value]" classname="com.squareup.moshi.JsonReaderTest" time="0"/>
  <testcase name="longs[Value]" classname="com.squareup.moshi.JsonReaderTest" time="0">
    <skipped/>
  </testcase>
  <testcase name="longMismatchWithDoubleDoesNotAdvance[Value]" classname="com.squareup.moshi.JsonReaderTest" time="0">
    <skipped/>
  </testcase>
  <testcase name="deeplyNestedArrays[Value]" classname="com.squareup.moshi.JsonReaderTest" time="0.001"/>
  <testcase name="integerMismatchWithDoubleDoesNotAdvance[Value]" classname="com.squareup.moshi.JsonReaderTest" time="0">
    <skipped/>
  </testcase>
  <testcase name="unnecessaryPrecisionNumberCoersion[Value]" classname="com.squareup.moshi.JsonReaderTest" time="0"/>
  <testcase name="readJsonValueInt[Value]" classname="com.squareup.moshi.JsonReaderTest" time="0.001"/>
  <testcase name="readJsonValueMap[Value]" classname="com.squareup.moshi.JsonReaderTest" time="0"/>
  <testcase name="integersWithFractionalPartSpecified[Value]" classname="com.squareup.moshi.JsonReaderTest" time="0"/>
  <testcase name="skipVeryLongUnquotedString[Value]" classname="com.squareup.moshi.JsonReaderTest" time="0.002"/>
  <testcase name="skipInteger[Value]" classname="com.squareup.moshi.JsonReaderTest" time="0.001"/>
  <testcase name="readJsonValueNestedListInMap[Value]" classname="com.squareup.moshi.JsonReaderTest" time="0"/>
  <testcase name="nextFailuresDoNotAdvance[Value]" classname="com.squareup.moshi.JsonReaderTest" time="0"/>
  <testcase name="nanInfinityDoubleCoersion[Value]" classname="com.squareup.moshi.JsonReaderTest" time="0.001"/>
  <testcase name="failOnUnknownFailsOnUnknownArrayElement[Value]" classname="com.squareup.moshi.JsonReaderTest" time="0.001"/>
  <testcase name="readEmptyObject[Value]" classname="com.squareup.moshi.JsonReaderTest" time="0"/>
  <testcase name="lenientQuotedNonFiniteDoubles[Value]" classname="com.squareup.moshi.JsonReaderTest" time="0"/>
  <testcase name="lenientNonFiniteDoubles[Value]" classname="com.squareup.moshi.JsonReaderTest" time="0"/>
  <testcase name="topLevelValueTypes[Value]" classname="com.squareup.moshi.JsonReaderTest" time="0"/>
  <testcase name="stringNullIsNotNull[Value]" classname="com.squareup.moshi.JsonReaderTest" time="0.001"/>
  <testcase name="emptyString[Value]" classname="com.squareup.moshi.JsonReaderTest" time="0"/>
  <testcase name="skipVeryLongQuotedString[Value]" classname="com.squareup.moshi.JsonReaderTest" time="0.001"/>
  <testcase name="skipObjectAfterPeek[Value]" classname="com.squareup.moshi.JsonReaderTest" time="0.001"/>
  <testcase name="selectStringUnquoted[Value]" classname="com.squareup.moshi.JsonReaderTest" time="0"/>
  <testcase name="stringAsNumberWithDigitAndNonDigitExponent[Value]" classname="com.squareup.moshi.JsonReaderTest" time="0"/>
  <testcase name="selectNameSingleQuoted[Value]" classname="com.squareup.moshi.JsonReaderTest" time="0.001"/>
  <testcase name="selectStringMaintainsReaderState[Value]" classname="com.squareup.moshi.JsonReaderTest" time="0"/>
  <testcase name="integerMismatchWithLongDoesNotAdvance[Value]" classname="com.squareup.moshi.JsonReaderTest" time="0">
    <skipped/>
  </testcase>
  <testcase name="readJsonValueList[Value]" classname="com.squareup.moshi.JsonReaderTest" time="0"/>
  <testcase name="skipArrayAfterPeek[Value]" classname="com.squareup.moshi.JsonReaderTest" time="0"/>
  <testcase name="deeplyNestedObjects[Value]" classname="com.squareup.moshi.JsonReaderTest" time="0.001"/>
  <testcase name="doubles[Value]" classname="com.squareup.moshi.JsonReaderTest" time="0.001"/>
  <testcase name="selectNameUnquoted[Value]" classname="com.squareup.moshi.JsonReaderTest" time="0"/>
  <testcase name="validEscapes[Value]" classname="com.squareup.moshi.JsonReaderTest" time="0"/>
  <testcase name="characterUnescaping[Value]" classname="com.squareup.moshi.JsonReaderTest" time="0.001"/>
  <testcase name="booleans[Value]" classname="com.squareup.moshi.JsonReaderTest" time="0"/>
  <testcase name="selectString[Value]" classname="com.squareup.moshi.JsonReaderTest" time="0"/>
  <testcase name="skipArray[Value]" classname="com.squareup.moshi.JsonReaderTest" time="0"/>
  <testcase name="strictNonFiniteDoubles[Value]" classname="com.squareup.moshi.JsonReaderTest" time="0"/>
</testsuite>