<?xml version="1.0" encoding="UTF-8"?>
<testsuite name="com.squareup.moshi.MoshiTest" time="0.443" tests="53" errors="0" skipped="0" failures="0">
  <properties>
    <property name="java.runtime.name" value="Java(TM) SE Runtime Environment"/>
    <property name="sun.boot.library.path" value="/usr/lib/jvm/java-8-oracle/jre/lib/amd64"/>
    <property name="java.vm.version" value="25.161-b12"/>
    <property name="java.vm.vendor" value="Oracle Corporation"/>
    <property name="maven.multiModuleProjectDirectory" value="/root/projects/moshi"/>
    <property name="java.vendor.url" value="http://java.oracle.com/"/>
    <property name="path.separator" value=":"/>
    <property name="guice.disable.misplaced.annotation.check" value="true"/>
    <property name="java.vm.name" value="Java HotSpot(TM) 64-Bit Server VM"/>
    <property name="file.encoding.pkg" value="sun.io"/>
    <property name="user.country" value="US"/>
    <property name="sun.java.launcher" value="SUN_STANDARD"/>
    <property name="sun.os.patch.level" value="unknown"/>
    <property name="java.vm.specification.name" value="Java Virtual Machine Specification"/>
    <property name="user.dir" value="/root/projects/moshi"/>
    <property name="java.runtime.version" value="1.8.0_161-b12"/>
    <property name="java.awt.graphicsenv" value="sun.awt.X11GraphicsEnvironment"/>
    <property name="java.endorsed.dirs" value="/usr/lib/jvm/java-8-oracle/jre/lib/endorsed"/>
    <property name="os.arch" value="amd64"/>
    <property name="java.io.tmpdir" value="/tmp"/>
    <property name="line.separator" value="&#10;"/>
    <property name="java.vm.specification.vendor" value="Oracle Corporation"/>
    <property name="os.name" value="Linux"/>
    <property name="classworlds.conf" value="/usr/share/maven/bin/m2.conf"/>
    <property name="sun.jnu.encoding" value="ANSI_X3.4-1968"/>
    <property name="java.library.path" value="/usr/java/packages/lib/amd64:/usr/lib64:/lib64:/lib:/usr/lib"/>
    <property name="java.specification.name" value="Java Platform API Specification"/>
    <property name="java.class.version" value="52.0"/>
    <property name="sun.management.compiler" value="HotSpot 64-Bit Tiered Compilers"/>
    <property name="os.version" value="3.13.0-142-generic"/>
    <property name="user.home" value="/root"/>
    <property name="user.timezone" value="Etc/UTC"/>
    <property name="java.awt.printerjob" value="sun.print.PSPrinterJob"/>
    <property name="file.encoding" value="ANSI_X3.4-1968"/>
    <property name="java.specification.version" value="1.8"/>
    <property name="user.name" value="root"/>
    <property name="java.class.path" value="/usr/share/maven/boot/plexus-classworlds-2.x.jar"/>
    <property name="java.vm.specification.version" value="1.8"/>
    <property name="sun.arch.data.model" value="64"/>
    <property name="java.home" value="/usr/lib/jvm/java-8-oracle/jre"/>
    <property name="sun.java.command" value="org.codehaus.plexus.classworlds.launcher.Launcher clean test org.pitest:pitest-maven:mutationCoverage"/>
    <property name="java.specification.vendor" value="Oracle Corporation"/>
    <property name="user.language" value="en"/>
    <property name="awt.toolkit" value="sun.awt.X11.XToolkit"/>
    <property name="java.vm.info" value="mixed mode"/>
    <property name="java.version" value="1.8.0_161"/>
    <property name="java.ext.dirs" value="/usr/lib/jvm/java-8-oracle/jre/lib/ext:/usr/java/packages/lib/ext"/>
    <property name="securerandom.source" value="file:/dev/./urandom"/>
    <property name="sun.boot.class.path" value="/usr/lib/jvm/java-8-oracle/jre/lib/resources.jar:/usr/lib/jvm/java-8-oracle/jre/lib/rt.jar:/usr/lib/jvm/java-8-oracle/jre/lib/sunrsasign.jar:/usr/lib/jvm/java-8-oracle/jre/lib/jsse.jar:/usr/lib/jvm/java-8-oracle/jre/lib/jce.jar:/usr/lib/jvm/java-8-oracle/jre/lib/charsets.jar:/usr/lib/jvm/java-8-oracle/jre/lib/jfr.jar:/usr/lib/jvm/java-8-oracle/jre/classes"/>
    <property name="java.vendor" value="Oracle Corporation"/>
    <property name="maven.home" value="/usr/share/maven"/>
    <property name="file.separator" value="/"/>
    <property name="java.vendor.url.bug" value="http://bugreport.sun.com/bugreport/"/>
    <property name="sun.cpu.endian" value="little"/>
    <property name="sun.io.unicode.encoding" value="UnicodeLittle"/>
    <property name="sun.cpu.isalist" value=""/>
  </properties>
  <testcase name="customJsonAdapterToObjectAndFromObject" classname="com.squareup.moshi.MoshiTest" time="0.003"/>
  <testcase name="customJsonAdapter" classname="com.squareup.moshi.MoshiTest" time="0"/>
  <testcase name="failOnUnknownThrowsOnUnknownFields" classname="com.squareup.moshi.MoshiTest" time="0.006"/>
  <testcase name="nullEnum" classname="com.squareup.moshi.MoshiTest" time="0.002"/>
  <testcase name="duplicateKeysAllowedInCustomType" classname="com.squareup.moshi.MoshiTest" time="0.001"/>
  <testcase name="platformTypeThrows" classname="com.squareup.moshi.MoshiTest" time="0.002"/>
  <testcase name="referenceCyclesOnObjects" classname="com.squareup.moshi.MoshiTest" time="0.001"/>
  <testcase name="primitiveArray" classname="com.squareup.moshi.MoshiTest" time="0.003"/>
  <testcase name="objectArray" classname="com.squareup.moshi.MoshiTest" time="0.004"/>
  <testcase name="doubleAdapter" classname="com.squareup.moshi.MoshiTest" time="0.001"/>
  <testcase name="indent" classname="com.squareup.moshi.MoshiTest" time="0.001"/>
  <testcase name="LongAdapter" classname="com.squareup.moshi.MoshiTest" time="0"/>
  <testcase name="byteAdapter" classname="com.squareup.moshi.MoshiTest" time="0.001"/>
  <testcase name="stringAdapter" classname="com.squareup.moshi.MoshiTest" time="0"/>
  <testcase name="invalidEnum" classname="com.squareup.moshi.MoshiTest" time="0"/>
  <testcase name="annotatedEnum" classname="com.squareup.moshi.MoshiTest" time="0"/>
  <testcase name="duplicateKeyDisallowedInObjectType" classname="com.squareup.moshi.MoshiTest" time="0"/>
  <testcase name="enumAdapter" classname="com.squareup.moshi.MoshiTest" time="0"/>
  <testcase name="upperBoundedWildcardsAreNotHandled" classname="com.squareup.moshi.MoshiTest" time="0.002"/>
  <testcase name="nextJsonAdapterDisallowsNullAnnotations" classname="com.squareup.moshi.MoshiTest" time="0.001"/>
  <testcase name="referenceCyclesOnArrays" classname="com.squareup.moshi.MoshiTest" time="0.003"/>
  <testcase name="setJsonAdapter" classname="com.squareup.moshi.MoshiTest" time="0.001"/>
  <testcase name="DoubleAdapter" classname="com.squareup.moshi.MoshiTest" time="0"/>
  <testcase name="lowerBoundedWildcardsAreNotHandled" classname="com.squareup.moshi.MoshiTest" time="0"/>
  <testcase name="unindent" classname="com.squareup.moshi.MoshiTest" time="0"/>
  <testcase name="collectionJsonAdapter" classname="com.squareup.moshi.MoshiTest" time="0.001"/>
  <testcase name="registerJsonAdapterForAnnotatedType" classname="com.squareup.moshi.MoshiTest" time="0.003"/>
  <testcase name="listJsonAdapter" classname="com.squareup.moshi.MoshiTest" time="0"/>
  <testcase name="qualifierWithElements" classname="com.squareup.moshi.MoshiTest" time="0.004"/>
  <testcase name="classAdapterToObjectAndFromObject" classname="com.squareup.moshi.MoshiTest" time="0"/>
  <testcase name="shortAdapter" classname="com.squareup.moshi.MoshiTest" time="0.003"/>
  <testcase name="intAdapter" classname="com.squareup.moshi.MoshiTest" time="0"/>
  <testcase name="BooleanAdapter" classname="com.squareup.moshi.MoshiTest" time="0"/>
  <testcase name="ShortAdapter" classname="com.squareup.moshi.MoshiTest" time="0"/>
  <testcase name="ByteAdapter" classname="com.squareup.moshi.MoshiTest" time="0"/>
  <testcase name="delegatingJsonAdapterFactory" classname="com.squareup.moshi.MoshiTest" time="0.002"/>
  <testcase name="cachingJsonAdapters" classname="com.squareup.moshi.MoshiTest" time="0.001"/>
  <testcase name="floatAdapter" classname="com.squareup.moshi.MoshiTest" time="0.003"/>
  <testcase name="composingJsonAdapterFactory" classname="com.squareup.moshi.MoshiTest" time="0.002"/>
  <testcase name="qualifierWithElementsMayNotBeDirectlyRegistered" classname="com.squareup.moshi.MoshiTest" time="0"/>
  <testcase name="newBuilder" classname="com.squareup.moshi.MoshiTest" time="0"/>
  <testcase name="addNullFails" classname="com.squareup.moshi.MoshiTest" time="0.001"/>
  <testcase name="FloatAdapter" classname="com.squareup.moshi.MoshiTest" time="0"/>
  <testcase name="adaptersRegisteredInOrderOfPrecedence" classname="com.squareup.moshi.MoshiTest" time="0"/>
  <testcase name="noTypeAdapterForQualifiedPlatformType" classname="com.squareup.moshi.MoshiTest" time="0.001"/>
  <testcase name="IntegerAdapter" classname="com.squareup.moshi.MoshiTest" time="0.001"/>
  <testcase name="booleanAdapter" classname="com.squareup.moshi.MoshiTest" time="0.001"/>
  <testcase name="longAdapter" classname="com.squareup.moshi.MoshiTest" time="0"/>
  <testcase name="charAdapter" classname="com.squareup.moshi.MoshiTest" time="0.384"/>
  <testcase name="CharacterAdapter" classname="com.squareup.moshi.MoshiTest" time="0"/>
  <testcase name="byDefaultUnknownFieldsAreIgnored" classname="com.squareup.moshi.MoshiTest" time="0.002"/>
  <testcase name="referenceCyclesOnMixedTypes" classname="com.squareup.moshi.MoshiTest" time="0.002"/>
  <testcase name="collectionsDoNotKeepAnnotations" classname="com.squareup.moshi.MoshiTest" time="0"/>
</testsuite>