<?xml version="1.0" encoding="UTF-8"?>
<testsuite name="com.squareup.moshi.JsonWriterTest" time="0.199" tests="84" errors="0" skipped="2" failures="0">
  <properties>
    <property name="java.runtime.name" value="Java(TM) SE Runtime Environment"/>
    <property name="sun.boot.library.path" value="/usr/lib/jvm/java-8-oracle/jre/lib/amd64"/>
    <property name="java.vm.version" value="25.161-b12"/>
    <property name="java.vm.vendor" value="Oracle Corporation"/>
    <property name="maven.multiModuleProjectDirectory" value="/root/projects/moshi"/>
    <property name="java.vendor.url" value="http://java.oracle.com/"/>
    <property name="path.separator" value=":"/>
    <property name="guice.disable.misplaced.annotation.check" value="true"/>
    <property name="java.vm.name" value="Java HotSpot(TM) 64-Bit Server VM"/>
    <property name="file.encoding.pkg" value="sun.io"/>
    <property name="user.country" value="US"/>
    <property name="sun.java.launcher" value="SUN_STANDARD"/>
    <property name="sun.os.patch.level" value="unknown"/>
    <property name="java.vm.specification.name" value="Java Virtual Machine Specification"/>
    <property name="user.dir" value="/root/projects/moshi"/>
    <property name="java.runtime.version" value="1.8.0_161-b12"/>
    <property name="java.awt.graphicsenv" value="sun.awt.X11GraphicsEnvironment"/>
    <property name="java.endorsed.dirs" value="/usr/lib/jvm/java-8-oracle/jre/lib/endorsed"/>
    <property name="os.arch" value="amd64"/>
    <property name="java.io.tmpdir" value="/tmp"/>
    <property name="line.separator" value="&#10;"/>
    <property name="java.vm.specification.vendor" value="Oracle Corporation"/>
    <property name="os.name" value="Linux"/>
    <property name="classworlds.conf" value="/usr/share/maven/bin/m2.conf"/>
    <property name="sun.jnu.encoding" value="ANSI_X3.4-1968"/>
    <property name="java.library.path" value="/usr/java/packages/lib/amd64:/usr/lib64:/lib64:/lib:/usr/lib"/>
    <property name="java.specification.name" value="Java Platform API Specification"/>
    <property name="java.class.version" value="52.0"/>
    <property name="sun.management.compiler" value="HotSpot 64-Bit Tiered Compilers"/>
    <property name="os.version" value="3.13.0-142-generic"/>
    <property name="user.home" value="/root"/>
    <property name="user.timezone" value="Etc/UTC"/>
    <property name="java.awt.printerjob" value="sun.print.PSPrinterJob"/>
    <property name="file.encoding" value="ANSI_X3.4-1968"/>
    <property name="java.specification.version" value="1.8"/>
    <property name="user.name" value="root"/>
    <property name="java.class.path" value="/usr/share/maven/boot/plexus-classworlds-2.x.jar"/>
    <property name="java.vm.specification.version" value="1.8"/>
    <property name="sun.arch.data.model" value="64"/>
    <property name="java.home" value="/usr/lib/jvm/java-8-oracle/jre"/>
    <property name="sun.java.command" value="org.codehaus.plexus.classworlds.launcher.Launcher clean test org.pitest:pitest-maven:mutationCoverage"/>
    <property name="java.specification.vendor" value="Oracle Corporation"/>
    <property name="user.language" value="en"/>
    <property name="awt.toolkit" value="sun.awt.X11.XToolkit"/>
    <property name="java.vm.info" value="mixed mode"/>
    <property name="java.version" value="1.8.0_161"/>
    <property name="java.ext.dirs" value="/usr/lib/jvm/java-8-oracle/jre/lib/ext:/usr/java/packages/lib/ext"/>
    <property name="securerandom.source" value="file:/dev/./urandom"/>
    <property name="sun.boot.class.path" value="/usr/lib/jvm/java-8-oracle/jre/lib/resources.jar:/usr/lib/jvm/java-8-oracle/jre/lib/rt.jar:/usr/lib/jvm/java-8-oracle/jre/lib/sunrsasign.jar:/usr/lib/jvm/java-8-oracle/jre/lib/jsse.jar:/usr/lib/jvm/java-8-oracle/jre/lib/jce.jar:/usr/lib/jvm/java-8-oracle/jre/lib/charsets.jar:/usr/lib/jvm/java-8-oracle/jre/lib/jfr.jar:/usr/lib/jvm/java-8-oracle/jre/classes"/>
    <property name="java.vendor" value="Oracle Corporation"/>
    <property name="maven.home" value="/usr/share/maven"/>
    <property name="file.separator" value="/"/>
    <property name="java.vendor.url.bug" value="http://bugreport.sun.com/bugreport/"/>
    <property name="sun.cpu.endian" value="little"/>
    <property name="sun.io.unicode.encoding" value="UnicodeLittle"/>
    <property name="sun.cpu.isalist" value=""/>
  </properties>
  <testcase name="closedWriterThrowsOnFlush[Utf8]" classname="com.squareup.moshi.JsonWriterTest" time="0.03"/>
  <testcase name="closedWriterThrowsOnValue[Utf8]" classname="com.squareup.moshi.JsonWriterTest" time="0"/>
  <testcase name="unicodeLineBreaksEscaped[Utf8]" classname="com.squareup.moshi.JsonWriterTest" time="0.09"/>
  <testcase name="numbers[Utf8]" classname="com.squareup.moshi.JsonWriterTest" time="0.012"/>
  <testcase name="nullName[Utf8]" classname="com.squareup.moshi.JsonWriterTest" time="0"/>
  <testcase name="strings[Utf8]" classname="com.squareup.moshi.JsonWriterTest" time="0.001"/>
  <testcase name="closedWriterThrowsOnStructure[Utf8]" classname="com.squareup.moshi.JsonWriterTest" time="0"/>
  <testcase name="strictWriterDoesNotPermitMultipleTopLevelValues[Utf8]" classname="com.squareup.moshi.JsonWriterTest" time="0.001"/>
  <testcase name="tooDeeplyNestingArrays[Utf8]" classname="com.squareup.moshi.JsonWriterTest" time="0.005"/>
  <testcase name="nullsValuesNotSerializedByDefault[Utf8]" classname="com.squareup.moshi.JsonWriterTest" time="0.003"/>
  <testcase name="nullStringValue[Utf8]" classname="com.squareup.moshi.JsonWriterTest" time="0"/>
  <testcase name="emptyArray[Utf8]" classname="com.squareup.moshi.JsonWriterTest" time="0"/>
  <testcase name="topLevelInt[Utf8]" classname="com.squareup.moshi.JsonWriterTest" time="0"/>
  <testcase name="arraysInObjects[Utf8]" classname="com.squareup.moshi.JsonWriterTest" time="0"/>
  <testcase name="topLevelDouble[Utf8]" classname="com.squareup.moshi.JsonWriterTest" time="0.002"/>
  <testcase name="nameWithoutValue[Utf8]" classname="com.squareup.moshi.JsonWriterTest" time="0"/>
  <testcase name="objectsInArrays[Utf8]" classname="com.squareup.moshi.JsonWriterTest" time="0.001"/>
  <testcase name="nullsValuesSerializedWhenConfigured[Utf8]" classname="com.squareup.moshi.JsonWriterTest" time="0"/>
  <testcase name="nullNumbers[Utf8]" classname="com.squareup.moshi.JsonWriterTest" time="0"/>
  <testcase name="writerCloseIsIdempotent[Utf8]" classname="com.squareup.moshi.JsonWriterTest" time="0"/>
  <testcase name="topLevelString[Utf8]" classname="com.squareup.moshi.JsonWriterTest" time="0"/>
  <testcase name="topLevelNull[Utf8]" classname="com.squareup.moshi.JsonWriterTest" time="0"/>
  <testcase name="longs[Utf8]" classname="com.squareup.moshi.JsonWriterTest" time="0"/>
  <testcase name="nulls[Utf8]" classname="com.squareup.moshi.JsonWriterTest" time="0"/>
  <testcase name="invalidTopLevelTypes[Utf8]" classname="com.squareup.moshi.JsonWriterTest" time="0"/>
  <testcase name="tooDeeplyNestingObjects[Utf8]" classname="com.squareup.moshi.JsonWriterTest" time="0.004"/>
  <testcase name="multipleTopLevelValues[Utf8]" classname="com.squareup.moshi.JsonWriterTest" time="0"/>
  <testcase name="badNestingObject[Utf8]" classname="com.squareup.moshi.JsonWriterTest" time="0.001"/>
  <testcase name="badNestingArray[Utf8]" classname="com.squareup.moshi.JsonWriterTest" time="0"/>
  <testcase name="boxedBooleans[Utf8]" classname="com.squareup.moshi.JsonWriterTest" time="0"/>
  <testcase name="nonFiniteBoxedDoubles[Utf8]" classname="com.squareup.moshi.JsonWriterTest" time="0"/>
  <testcase name="emptyObject[Utf8]" classname="com.squareup.moshi.JsonWriterTest" time="0"/>
  <testcase name="deepNestingArrays[Utf8]" classname="com.squareup.moshi.JsonWriterTest" time="0.003"/>
  <testcase name="valueWithoutName[Utf8]" classname="com.squareup.moshi.JsonWriterTest" time="0"/>
  <testcase name="topLevelBoolean[Utf8]" classname="com.squareup.moshi.JsonWriterTest" time="0.005"/>
  <testcase name="lenientWriterPermitsMultipleTopLevelValues[Utf8]" classname="com.squareup.moshi.JsonWriterTest" time="0"/>
  <testcase name="twoNames[Utf8]" classname="com.squareup.moshi.JsonWriterTest" time="0"/>
  <testcase name="doubles[Utf8]" classname="com.squareup.moshi.JsonWriterTest" time="0.001"/>
  <testcase name="closedWriterThrowsOnName[Utf8]" classname="com.squareup.moshi.JsonWriterTest" time="0"/>
  <testcase name="deepNestingObjects[Utf8]" classname="com.squareup.moshi.JsonWriterTest" time="0.003"/>
  <testcase name="booleans[Utf8]" classname="com.squareup.moshi.JsonWriterTest" time="0"/>
  <testcase name="nonFiniteDoubles[Utf8]" classname="com.squareup.moshi.JsonWriterTest" time="0"/>
  <testcase name="closedWriterThrowsOnFlush[Value]" classname="com.squareup.moshi.JsonWriterTest" time="0.001"/>
  <testcase name="closedWriterThrowsOnValue[Value]" classname="com.squareup.moshi.JsonWriterTest" time="0.001"/>
  <testcase name="unicodeLineBreaksEscaped[Value]" classname="com.squareup.moshi.JsonWriterTest" time="0.001"/>
  <testcase name="numbers[Value]" classname="com.squareup.moshi.JsonWriterTest" time="0">
    <skipped/>
  </testcase>
  <testcase name="nullName[Value]" classname="com.squareup.moshi.JsonWriterTest" time="0.007"/>
  <testcase name="strings[Value]" classname="com.squareup.moshi.JsonWriterTest" time="0.001"/>
  <testcase name="closedWriterThrowsOnStructure[Value]" classname="com.squareup.moshi.JsonWriterTest" time="0"/>
  <testcase name="strictWriterDoesNotPermitMultipleTopLevelValues[Value]" classname="com.squareup.moshi.JsonWriterTest" time="0"/>
  <testcase name="tooDeeplyNestingArrays[Value]" classname="com.squareup.moshi.JsonWriterTest" time="0"/>
  <testcase name="nullsValuesNotSerializedByDefault[Value]" classname="com.squareup.moshi.JsonWriterTest" time="0.003"/>
  <testcase name="nullStringValue[Value]" classname="com.squareup.moshi.JsonWriterTest" time="0.001"/>
  <testcase name="emptyArray[Value]" classname="com.squareup.moshi.JsonWriterTest" time="0"/>
  <testcase name="topLevelInt[Value]" classname="com.squareup.moshi.JsonWriterTest" time="0"/>
  <testcase name="arraysInObjects[Value]" classname="com.squareup.moshi.JsonWriterTest" time="0.001"/>
  <testcase name="topLevelDouble[Value]" classname="com.squareup.moshi.JsonWriterTest" time="0.001"/>
  <testcase name="nameWithoutValue[Value]" classname="com.squareup.moshi.JsonWriterTest" time="0"/>
  <testcase name="objectsInArrays[Value]" classname="com.squareup.moshi.JsonWriterTest" time="0.001"/>
  <testcase name="nullsValuesSerializedWhenConfigured[Value]" classname="com.squareup.moshi.JsonWriterTest" time="0"/>
  <testcase name="nullNumbers[Value]" classname="com.squareup.moshi.JsonWriterTest" time="0"/>
  <testcase name="writerCloseIsIdempotent[Value]" classname="com.squareup.moshi.JsonWriterTest" time="0"/>
  <testcase name="topLevelString[Value]" classname="com.squareup.moshi.JsonWriterTest" time="0"/>
  <testcase name="topLevelNull[Value]" classname="com.squareup.moshi.JsonWriterTest" time="0"/>
  <testcase name="longs[Value]" classname="com.squareup.moshi.JsonWriterTest" time="0.001"/>
  <testcase name="nulls[Value]" classname="com.squareup.moshi.JsonWriterTest" time="0.003"/>
  <testcase name="invalidTopLevelTypes[Value]" classname="com.squareup.moshi.JsonWriterTest" time="0"/>
  <testcase name="tooDeeplyNestingObjects[Value]" classname="com.squareup.moshi.JsonWriterTest" time="0.002"/>
  <testcase name="multipleTopLevelValues[Value]" classname="com.squareup.moshi.JsonWriterTest" time="0"/>
  <testcase name="badNestingObject[Value]" classname="com.squareup.moshi.JsonWriterTest" time="0.001"/>
  <testcase name="badNestingArray[Value]" classname="com.squareup.moshi.JsonWriterTest" time="0"/>
  <testcase name="boxedBooleans[Value]" classname="com.squareup.moshi.JsonWriterTest" time="0"/>
  <testcase name="nonFiniteBoxedDoubles[Value]" classname="com.squareup.moshi.JsonWriterTest" time="0"/>
  <testcase name="emptyObject[Value]" classname="com.squareup.moshi.JsonWriterTest" time="0"/>
  <testcase name="deepNestingArrays[Value]" classname="com.squareup.moshi.JsonWriterTest" time="0.002"/>
  <testcase name="valueWithoutName[Value]" classname="com.squareup.moshi.JsonWriterTest" time="0"/>
  <testcase name="topLevelBoolean[Value]" classname="com.squareup.moshi.JsonWriterTest" time="0.001"/>
  <testcase name="lenientWriterPermitsMultipleTopLevelValues[Value]" classname="com.squareup.moshi.JsonWriterTest" time="0">
    <skipped/>
  </testcase>
  <testcase name="twoNames[Value]" classname="com.squareup.moshi.JsonWriterTest" time="0"/>
  <testcase name="doubles[Value]" classname="com.squareup.moshi.JsonWriterTest" time="0.001"/>
  <testcase name="closedWriterThrowsOnName[Value]" classname="com.squareup.moshi.JsonWriterTest" time="0"/>
  <testcase name="deepNestingObjects[Value]" classname="com.squareup.moshi.JsonWriterTest" time="0.008"/>
  <testcase name="booleans[Value]" classname="com.squareup.moshi.JsonWriterTest" time="0"/>
  <testcase name="nonFiniteDoubles[Value]" classname="com.squareup.moshi.JsonWriterTest" time="0"/>
</testsuite>